<?xml version="1.0" encoding="UTF-8"?>
<testng-results ignored="0" total="1" passed="1" failed="0" skipped="0">
  <reporter-output>
  </reporter-output>
  <suite started-at="2025-02-17T15:46:44 IST" name="Default suite" finished-at="2025-02-17T15:46:44 IST" duration-ms="126">
    <groups>
    </groups>
    <test started-at="2025-02-17T15:46:44 IST" name="Default test" finished-at="2025-02-17T15:46:44 IST" duration-ms="126">
      <class name="seleniumbasics.TestNGAnnotations">
        <test-method signature="testCase1()[pri:0, instance:seleniumbasics.TestNGAnnotations@22555ebf]" started-at="2025-02-17T15:46:44 IST" name="testCase1" finished-at="2025-02-17T15:46:44 IST" duration-ms="22" status="PASS">
          <reporter-output>
          </reporter-output>
        </test-method> <!-- testCase1 -->
      </class> <!-- seleniumbasics.TestNGAnnotations -->
    </test> <!-- Default test -->
  </suite> <!-- Default suite -->
</testng-results>
