<?xml version="1.0" encoding="UTF-8"?>
<testng-results ignored="0" total="1" passed="1" failed="0" skipped="0">
  <reporter-output>
  </reporter-output>
  <suite started-at="2025-02-19T14:18:50 IST" name="Default suite" finished-at="2025-02-19T14:19:41 IST" duration-ms="51310">
    <groups>
    </groups>
    <test started-at="2025-02-19T14:18:50 IST" name="Default test" finished-at="2025-02-19T14:19:41 IST" duration-ms="51310">
      <class name="seleniumbasics.LoginTest">
        <test-method is-config="true" signature="initializeBrowser()[pri:0, instance:seleniumbasics.LoginTest@6a78afa0]" started-at="2025-02-19T14:18:50 IST" name="initializeBrowser" finished-at="2025-02-19T14:19:40 IST" duration-ms="50080" status="PASS">
          <reporter-output>
          </reporter-output>
        </test-method> <!-- initializeBrowser -->
        <test-method signature="verifyUserLoginWithInalidUsernameAndValidPassword()[pri:0, instance:seleniumbasics.LoginTest@6a78afa0]" started-at="2025-02-19T14:19:40 IST" name="verifyUserLoginWithInalidUsernameAndValidPassword" finished-at="2025-02-19T14:19:41 IST" duration-ms="1051" status="PASS">
          <reporter-output>
          </reporter-output>
        </test-method> <!-- verifyUserLoginWithInalidUsernameAndValidPassword -->
        <test-method is-config="true" signature="driverCloseAndQuit()[pri:0, instance:seleniumbasics.LoginTest@6a78afa0]" started-at="2025-02-19T14:19:41 IST" name="driverCloseAndQuit" finished-at="2025-02-19T14:19:41 IST" duration-ms="1" status="PASS">
          <reporter-output>
          </reporter-output>
        </test-method> <!-- driverCloseAndQuit -->
      </class> <!-- seleniumbasics.LoginTest -->
    </test> <!-- Default test -->
  </suite> <!-- Default suite -->
</testng-results>
