<?xml version="1.0" encoding="UTF-8"?>
<!-- Generated by org.testng.reporters.JUnitXMLReporter -->
<testsuite ignored="3" hostname="DESKTOP-HAIIK4K" failures="0" tests="1" name="Default test" time="51.31" errors="0" timestamp="2025-02-19T14:19:41 IST">
  <testcase classname="seleniumbasics.LoginTest" name="verifyUserLoginWithInalidUsernameAndValidPassword" time="1.051"/>
  <testcase classname="seleniumbasics.LoginTest" name="verifyUserLoginWithValidUsernameAndValidPassword" time="0.0">
    <ignored/>
  </testcase> <!-- verifyUserLoginWithValidUsernameAndValidPassword -->
  <testcase classname="seleniumbasics.LoginTest" name="verifyUserLoginWithValidUsernameAndInvalidPassword" time="0.0">
    <ignored/>
  </testcase> <!-- verifyUserLoginWithValidUsernameAndInvalidPassword -->
  <testcase classname="seleniumbasics.LoginTest" name="verifyUserLoginWithInalidUsernameAndInalidPassword" time="0.0">
    <ignored/>
  </testcase> <!-- verifyUserLoginWithInalidUsernameAndInalidPassword -->
</testsuite> <!-- Default test -->
